Using pre-set license
Built from '2020.2/release' branch; Version is '2020.2.1f1 (270dd8c3da1c) revision 2559448'; Using compiler version '192528614'; Build Type 'Release'
OS: 'Windows 10  (10.0.0) 64bit' Language: 'en' Physical Memory: 8059 MB
BatchMode: 1, IsHumanControllingUs: 0, StartBugReporterOnCrash: 0, Is64bit: 1, IsPro: 0

 COMMAND LINE ARGUMENTS:
C:\Program Files\Unity\Hub\Editor\2020.2.1f1\Editor\Unity.exe
-adb2
-batchMode
-noUpm
-name
AssetImportWorker0
-projectPath
C:/Users/B7Reborn/Unity Projects/ShaneHolloway_GAME3002_A1/ShaneHolloway_GAME3002_A1/ShaneHolloway_GAME3002_A1
-logFile
Logs/AssetImportWorker0.log
-srvPort
63234
Successfully changed project path to: C:/Users/B7Reborn/Unity Projects/ShaneHolloway_GAME3002_A1/ShaneHolloway_GAME3002_A1/ShaneHolloway_GAME3002_A1
C:/Users/B7Reborn/Unity Projects/ShaneHolloway_GAME3002_A1/ShaneHolloway_GAME3002_A1/ShaneHolloway_GAME3002_A1
Using Asset Import Pipeline V2.
Refreshing native plugins compatible for Editor in 19.80 ms, found 0 plugins.
Preloading 0 native plugins for Editor in 0.00 ms.
Initialize engine version: 2020.2.1f1 (270dd8c3da1c)
[Subsystems] Discovering subsystems at path C:/Program Files/Unity/Hub/Editor/2020.2.1f1/Editor/Data/Resources/UnitySubsystems
[Subsystems] Discovering subsystems at path C:/Users/B7Reborn/Unity Projects/ShaneHolloway_GAME3002_A1/ShaneHolloway_GAME3002_A1/ShaneHolloway_GAME3002_A1/Assets
GfxDevice: creating device client; threaded=0
Direct3D:
    Version:  Direct3D 11.0 [level 11.1]
    Renderer: NVIDIA GeForce GTX 1660 Ti (ID=0x2191)
    Vendor:   
    VRAM:     5991 MB
    Driver:   27.21.14.5256
Initialize mono
Mono path[0] = 'C:/Program Files/Unity/Hub/Editor/2020.2.1f1/Editor/Data/Managed'
Mono path[1] = 'C:/Program Files/Unity/Hub/Editor/2020.2.1f1/Editor/Data/MonoBleedingEdge/lib/mono/unityjit'
Mono config path = 'C:/Program Files/Unity/Hub/Editor/2020.2.1f1/Editor/Data/MonoBleedingEdge/etc'
Using monoOptions --debugger-agent=transport=dt_socket,embedding=1,server=y,suspend=n,address=127.0.0.1:56292
Begin MonoManager ReloadAssembly
Registering precompiled unity dll's ...
Register platform support module: C:/Program Files/Unity/Hub/Editor/2020.2.1f1/Editor/Data/PlaybackEngines/WebGLSupport/UnityEditor.WebGL.Extensions.dll
Register platform support module: C:/Program Files/Unity/Hub/Editor/2020.2.1f1/Editor/Data/PlaybackEngines/WindowsStandaloneSupport/UnityEditor.WindowsStandalone.Extensions.dll
Registered in 0.002008 seconds.
Native extension for WindowsStandalone target not found
Native extension for WebGL target not found
Refreshing native plugins compatible for Editor in 18.94 ms, found 0 plugins.
Preloading 0 native plugins for Editor in 0.00 ms.
Invoked RoslynAnalysisRunner static constructor.
RoslynAnalysisRunner will not be running.
RoslynAnalysisRunner has terminated.
Mono: successfully reloaded assembly
- Completed reload, in  0.969 seconds
Platform modules already initialized, skipping
Registering precompiled user dll's ...
Registered in 0.000715 seconds.
Begin MonoManager ReloadAssembly
Native extension for WindowsStandalone target not found
Native extension for WebGL target not found
Refreshing native plugins compatible for Editor in 1.24 ms, found 0 plugins.
Preloading 0 native plugins for Editor in 0.00 ms.
Invoked RoslynAnalysisRunner static constructor.
RoslynAnalysisRunner will not be running.
RoslynAnalysisRunner has terminated.
Mono: successfully reloaded assembly
- Completed reload, in  1.239 seconds
Platform modules already initialized, skipping
========================================================================
Worker process is ready to serve import requests
Launched and connected shader compiler UnityShaderCompiler.exe after 0.16 seconds
Refreshing native plugins compatible for Editor in 2.21 ms, found 0 plugins.
Preloading 0 native plugins for Editor in 0.00 ms.
Unloading 1111 Unused Serialized files (Serialized files now loaded: 0)
System memory in use before: 59.0 MB.
System memory in use after: 59.1 MB.

Unloading 10 unused Assets to reduce memory usage. Loaded Objects now: 1554.
Total: 16.740400 ms (FindLiveObjects: 1.466900 ms CreateObjectMapping: 0.580500 ms MarkObjects: 14.533600 ms  DeleteObjects: 0.155500 ms)

========================================================================
Received Import Request.
  path: Assets/_Scripts/BallBehaviour.cs
  artifactKey: Guid(c8f63b3877276924fa74b24abb0a1b77) Importer(815301076,1909f56bfc062723c751e8b465ee728b)
Start importing Assets/_Scripts/BallBehaviour.cs using Guid(c8f63b3877276924fa74b24abb0a1b77) Importer(815301076,1909f56bfc062723c751e8b465ee728b)  -> (artifact id: '7e1127844a1ea1e9e61f7c8d92d6515d') in 0.051363 seconds
  Import took 0.054680 seconds .

========================================================================
Received Import Request.
  Time since last request: 0.001185 seconds.
  path: Assets/_Scripts/BallBehaviour.cs
  artifactKey: Guid(c8f63b3877276924fa74b24abb0a1b77) Importer(815301076,1909f56bfc062723c751e8b465ee728b)
Start importing Assets/_Scripts/BallBehaviour.cs using Guid(c8f63b3877276924fa74b24abb0a1b77) Importer(815301076,1909f56bfc062723c751e8b465ee728b)  -> (artifact id: '7e1127844a1ea1e9e61f7c8d92d6515d') in 0.004274 seconds
  Import took 0.006289 seconds .

========================================================================
Received Prepare
Registering precompiled user dll's ...
Registered in 0.000593 seconds.
Begin MonoManager ReloadAssembly
Native extension for WindowsStandalone target not found
Native extension for WebGL target not found
Refreshing native plugins compatible for Editor in 0.28 ms, found 0 plugins.
Preloading 0 native plugins for Editor in 0.00 ms.
Invoked RoslynAnalysisRunner static constructor.
RoslynAnalysisRunner will not be running.
RoslynAnalysisRunner has terminated.
Mono: successfully reloaded assembly
- Completed reload, in  0.769 seconds
Platform modules already initialized, skipping
Refreshing native plugins compatible for Editor in 0.32 ms, found 0 plugins.
Preloading 0 native plugins for Editor in 0.00 ms.
Unloading 1093 Unused Serialized files (Serialized files now loaded: 0)
System memory in use before: 58.2 MB.
System memory in use after: 58.3 MB.

Unloading 5 unused Assets to reduce memory usage. Loaded Objects now: 1556.
Total: 2.258900 ms (FindLiveObjects: 0.213800 ms CreateObjectMapping: 0.053500 ms MarkObjects: 1.913700 ms  DeleteObjects: 0.076300 ms)

========================================================================
Received Import Request.
  Time since last request: 79.379268 seconds.
  path: Assets/_Scripts/BallBehaviour.cs
  artifactKey: Guid(c8f63b3877276924fa74b24abb0a1b77) Importer(815301076,1909f56bfc062723c751e8b465ee728b)
Start importing Assets/_Scripts/BallBehaviour.cs using Guid(c8f63b3877276924fa74b24abb0a1b77) Importer(815301076,1909f56bfc062723c751e8b465ee728b)  -> (artifact id: 'b7a67e910aa2b57fcbba42cb2c3e7626') in 0.006295 seconds
  Import took 0.008782 seconds .

========================================================================
Received Import Request.
  Time since last request: 0.011198 seconds.
  path: Assets/_Scripts/InfoUI.cs
  artifactKey: Guid(23e4eea5b3e5ddb468baa2ddec8489d6) Importer(815301076,1909f56bfc062723c751e8b465ee728b)
Start importing Assets/_Scripts/InfoUI.cs using Guid(23e4eea5b3e5ddb468baa2ddec8489d6) Importer(815301076,1909f56bfc062723c751e8b465ee728b)  -> (artifact id: '48a18ce2b830f7152c884e422510e23e') in 0.010220 seconds
  Import took 0.013170 seconds .

========================================================================
Received Prepare
Registering precompiled user dll's ...
Registered in 0.000587 seconds.
Begin MonoManager ReloadAssembly
Native extension for WindowsStandalone target not found
Native extension for WebGL target not found
Refreshing native plugins compatible for Editor in 0.24 ms, found 0 plugins.
Preloading 0 native plugins for Editor in 0.00 ms.
Invoked RoslynAnalysisRunner static constructor.
RoslynAnalysisRunner will not be running.
RoslynAnalysisRunner has terminated.
Mono: successfully reloaded assembly
- Completed reload, in  0.766 seconds
Platform modules already initialized, skipping
Refreshing native plugins compatible for Editor in 0.63 ms, found 0 plugins.
Preloading 0 native plugins for Editor in 0.00 ms.
Unloading 1093 Unused Serialized files (Serialized files now loaded: 0)
System memory in use before: 58.5 MB.
System memory in use after: 58.6 MB.

Unloading 5 unused Assets to reduce memory usage. Loaded Objects now: 1558.
Total: 1.454700 ms (FindLiveObjects: 0.124800 ms CreateObjectMapping: 0.029800 ms MarkObjects: 1.263000 ms  DeleteObjects: 0.036400 ms)

========================================================================
Received Import Request.
  Time since last request: 56.101134 seconds.
  path: Assets/_Scripts/InfoUI.cs
  artifactKey: Guid(23e4eea5b3e5ddb468baa2ddec8489d6) Importer(815301076,1909f56bfc062723c751e8b465ee728b)
Start importing Assets/_Scripts/InfoUI.cs using Guid(23e4eea5b3e5ddb468baa2ddec8489d6) Importer(815301076,1909f56bfc062723c751e8b465ee728b)  -> (artifact id: 'eaa00a4c986bfb443e9c0109e29ebd98') in 0.004155 seconds
  Import took 0.005749 seconds .

========================================================================
Received Import Request.
  Time since last request: 2.850013 seconds.
  path: Assets/_Scripts/NetTrigger.cs
  artifactKey: Guid(4731bfb5f458a3d4aa42bdac2094b918) Importer(815301076,1909f56bfc062723c751e8b465ee728b)
Start importing Assets/_Scripts/NetTrigger.cs using Guid(4731bfb5f458a3d4aa42bdac2094b918) Importer(815301076,1909f56bfc062723c751e8b465ee728b)  -> (artifact id: 'df598838a6d268b89012c1e11023b4d7') in 0.289116 seconds
  Import took 0.291098 seconds .

========================================================================
Received Prepare
Registering precompiled user dll's ...
Registered in 0.000532 seconds.
Begin MonoManager ReloadAssembly
Native extension for WindowsStandalone target not found
Native extension for WebGL target not found
Refreshing native plugins compatible for Editor in 0.22 ms, found 0 plugins.
Preloading 0 native plugins for Editor in 0.00 ms.
Invoked RoslynAnalysisRunner static constructor.
RoslynAnalysisRunner will not be running.
RoslynAnalysisRunner has terminated.
Mono: successfully reloaded assembly
- Completed reload, in  0.689 seconds
Platform modules already initialized, skipping
Refreshing native plugins compatible for Editor in 1.49 ms, found 0 plugins.
Preloading 0 native plugins for Editor in 0.00 ms.
Unloading 1093 Unused Serialized files (Serialized files now loaded: 0)
System memory in use before: 58.7 MB.
System memory in use after: 58.8 MB.

Unloading 5 unused Assets to reduce memory usage. Loaded Objects now: 1560.
Total: 2.833600 ms (FindLiveObjects: 0.614900 ms CreateObjectMapping: 0.108300 ms MarkObjects: 1.723500 ms  DeleteObjects: 0.384600 ms)

========================================================================
Received Import Request.
  Time since last request: 82.025034 seconds.
  path: Assets/_Scripts/ProjectileComponent.cs
  artifactKey: Guid(cddf40f66c801604bb2ccc1d21bd1126) Importer(815301076,1909f56bfc062723c751e8b465ee728b)
Start importing Assets/_Scripts/ProjectileComponent.cs using Guid(cddf40f66c801604bb2ccc1d21bd1126) Importer(815301076,1909f56bfc062723c751e8b465ee728b)  -> (artifact id: 'f046a80bda1d1523a2d5c11aa82a281f') in 0.013373 seconds
  Import took 0.016620 seconds .

========================================================================
Received Import Request.
  Time since last request: 0.000305 seconds.
  path: Assets/_Scripts/NetTrigger.cs
  artifactKey: Guid(4731bfb5f458a3d4aa42bdac2094b918) Importer(815301076,1909f56bfc062723c751e8b465ee728b)
Start importing Assets/_Scripts/NetTrigger.cs using Guid(4731bfb5f458a3d4aa42bdac2094b918) Importer(815301076,1909f56bfc062723c751e8b465ee728b)  -> (artifact id: '3fc26c07135cadd8467ed0bb1c21edd6') in 0.003360 seconds
  Import took 0.005254 seconds .

========================================================================
Received Import Request.
  Time since last request: 0.000207 seconds.
  path: Assets/_Scripts/ProjectileComponent.cs
  artifactKey: Guid(cddf40f66c801604bb2ccc1d21bd1126) Importer(815301076,1909f56bfc062723c751e8b465ee728b)
Start importing Assets/_Scripts/ProjectileComponent.cs using Guid(cddf40f66c801604bb2ccc1d21bd1126) Importer(815301076,1909f56bfc062723c751e8b465ee728b)  -> (artifact id: 'f046a80bda1d1523a2d5c11aa82a281f') in 0.003561 seconds
  Import took 0.006061 seconds .

========================================================================
Received Prepare
Registering precompiled user dll's ...
Registered in 0.001056 seconds.
Begin MonoManager ReloadAssembly
Native extension for WindowsStandalone target not found
Native extension for WebGL target not found
Refreshing native plugins compatible for Editor in 0.19 ms, found 0 plugins.
Preloading 0 native plugins for Editor in 0.00 ms.
Invoked RoslynAnalysisRunner static constructor.
RoslynAnalysisRunner will not be running.
RoslynAnalysisRunner has terminated.
Mono: successfully reloaded assembly
- Completed reload, in  1.039 seconds
Platform modules already initialized, skipping
Refreshing native plugins compatible for Editor in 0.95 ms, found 0 plugins.
Preloading 0 native plugins for Editor in 0.00 ms.
Unloading 1093 Unused Serialized files (Serialized files now loaded: 0)
System memory in use before: 59.0 MB.
System memory in use after: 59.1 MB.

Unloading 5 unused Assets to reduce memory usage. Loaded Objects now: 1562.
Total: 4.048200 ms (FindLiveObjects: 0.670400 ms CreateObjectMapping: 0.324100 ms MarkObjects: 2.964200 ms  DeleteObjects: 0.085200 ms)

AssetImportWorkerClient::OnTransportError - code=2 error=End of file
