Using pre-set license
Built from '2020.2/release' branch; Version is '2020.2.0f1 (3721df5a8b28) revision 3613151'; Using compiler version '192528614'; Build Type 'Release'
OS: 'Windows 10  (10.0.0) 64bit' Language: 'en' Physical Memory: 8059 MB
BatchMode: 1, IsHumanControllingUs: 0, StartBugReporterOnCrash: 0, Is64bit: 1, IsPro: 0

 COMMAND LINE ARGUMENTS:
C:\Program Files\Unity\Hub\Editor\2020.2.0f1\Editor\Unity.exe
-adb2
-batchMode
-noUpm
-name
AssetImportWorker0
-projectPath
C:/Users/B7Reborn/Unity Projects/ShaneHolloway_GAME3002_A1
-logFile
Logs/AssetImportWorker0.log
-srvPort
58930
Successfully changed project path to: C:/Users/B7Reborn/Unity Projects/ShaneHolloway_GAME3002_A1
C:/Users/B7Reborn/Unity Projects/ShaneHolloway_GAME3002_A1
Using Asset Import Pipeline V2.
Refreshing native plugins compatible for Editor in 22.14 ms, found 0 plugins.
Preloading 0 native plugins for Editor in 0.00 ms.
Initialize engine version: 2020.2.0f1 (3721df5a8b28)
[Subsystems] Discovering subsystems at path C:/Program Files/Unity/Hub/Editor/2020.2.0f1/Editor/Data/Resources/UnitySubsystems
[Subsystems] Discovering subsystems at path C:/Users/B7Reborn/Unity Projects/ShaneHolloway_GAME3002_A1/Assets
GfxDevice: creating device client; threaded=0
Direct3D:
    Version:  Direct3D 11.0 [level 11.1]
    Renderer: NVIDIA GeForce GTX 1660 Ti (ID=0x2191)
    Vendor:   
    VRAM:     5991 MB
    Driver:   27.21.14.5256
Initialize mono
Mono path[0] = 'C:/Program Files/Unity/Hub/Editor/2020.2.0f1/Editor/Data/Managed'
Mono path[1] = 'C:/Program Files/Unity/Hub/Editor/2020.2.0f1/Editor/Data/MonoBleedingEdge/lib/mono/unityjit'
Mono config path = 'C:/Program Files/Unity/Hub/Editor/2020.2.0f1/Editor/Data/MonoBleedingEdge/etc'
Using monoOptions --debugger-agent=transport=dt_socket,embedding=1,server=y,suspend=n,address=127.0.0.1:56064
Begin MonoManager ReloadAssembly
Registering precompiled unity dll's ...
Register platform support module: C:/Program Files/Unity/Hub/Editor/2020.2.0f1/Editor/Data/PlaybackEngines/WebGLSupport/UnityEditor.WebGL.Extensions.dll
Register platform support module: C:/Program Files/Unity/Hub/Editor/2020.2.0f1/Editor/Data/PlaybackEngines/WindowsStandaloneSupport/UnityEditor.WindowsStandalone.Extensions.dll
Registered in 0.001850 seconds.
Native extension for WindowsStandalone target not found
Native extension for WebGL target not found
Refreshing native plugins compatible for Editor in 19.87 ms, found 0 plugins.
Preloading 0 native plugins for Editor in 0.00 ms.
Invoked RoslynAnalysisRunner static constructor.
RoslynAnalysisRunner will not be running.
RoslynAnalysisRunner has terminated.
Mono: successfully reloaded assembly
- Completed reload, in  0.938 seconds
Platform modules already initialized, skipping
Registering precompiled user dll's ...
Registered in 0.000514 seconds.
Begin MonoManager ReloadAssembly
Native extension for WindowsStandalone target not found
Native extension for WebGL target not found
Refreshing native plugins compatible for Editor in 0.23 ms, found 0 plugins.
Preloading 0 native plugins for Editor in 0.00 ms.
Invoked RoslynAnalysisRunner static constructor.
RoslynAnalysisRunner will not be running.
RoslynAnalysisRunner has terminated.
Mono: successfully reloaded assembly
- Completed reload, in  0.683 seconds
Platform modules already initialized, skipping
========================================================================
Worker process is ready to serve import requests
Launched and connected shader compiler UnityShaderCompiler.exe after 0.04 seconds
Refreshing native plugins compatible for Editor in 0.18 ms, found 0 plugins.
Preloading 0 native plugins for Editor in 0.00 ms.
Unloading 1109 Unused Serialized files (Serialized files now loaded: 0)
System memory in use before: 58.5 MB.
System memory in use after: 58.6 MB.

Unloading 10 unused Assets to reduce memory usage. Loaded Objects now: 1551.
Total: 1.363200 ms (FindLiveObjects: 0.139700 ms CreateObjectMapping: 0.058400 ms MarkObjects: 1.111800 ms  DeleteObjects: 0.052500 ms)

========================================================================
Received Import Request.
  path: Assets/_Scripts/BallBehaviour.cs
  artifactKey: Guid(c8f63b3877276924fa74b24abb0a1b77) Importer(815301076,1909f56bfc062723c751e8b465ee728b)
Start importing Assets/_Scripts/BallBehaviour.cs using Guid(c8f63b3877276924fa74b24abb0a1b77) Importer(815301076,1909f56bfc062723c751e8b465ee728b)  -> (artifact id: 'a989fe05b994cc26400e23ec6a4149dc') in 0.020578 seconds
  Import took 0.023146 seconds .

========================================================================
Received Import Request.
  Time since last request: 20.841370 seconds.
  path: Assets/_Scripts/ProjectileComponent.cs
  artifactKey: Guid(cddf40f66c801604bb2ccc1d21bd1126) Importer(815301076,1909f56bfc062723c751e8b465ee728b)
Start importing Assets/_Scripts/ProjectileComponent.cs using Guid(cddf40f66c801604bb2ccc1d21bd1126) Importer(815301076,1909f56bfc062723c751e8b465ee728b)  -> (artifact id: 'ab3e9d0c49aebb1ea6484c214762471d') in 0.007272 seconds
  Import took 0.010022 seconds .

========================================================================
Received Prepare
Registering precompiled user dll's ...
Registered in 0.001768 seconds.
Begin MonoManager ReloadAssembly
Native extension for WindowsStandalone target not found
Native extension for WebGL target not found
Refreshing native plugins compatible for Editor in 0.24 ms, found 0 plugins.
Preloading 0 native plugins for Editor in 0.00 ms.
Invoked RoslynAnalysisRunner static constructor.
RoslynAnalysisRunner will not be running.
RoslynAnalysisRunner has terminated.
Mono: successfully reloaded assembly
- Completed reload, in  0.775 seconds
Platform modules already initialized, skipping
Refreshing native plugins compatible for Editor in 0.18 ms, found 0 plugins.
Preloading 0 native plugins for Editor in 0.00 ms.
Unloading 1092 Unused Serialized files (Serialized files now loaded: 0)
System memory in use before: 57.7 MB.
System memory in use after: 57.8 MB.

Unloading 5 unused Assets to reduce memory usage. Loaded Objects now: 1554.
Total: 2.493400 ms (FindLiveObjects: 0.158600 ms CreateObjectMapping: 0.041000 ms MarkObjects: 2.247000 ms  DeleteObjects: 0.045300 ms)

========================================================================
Received Import Request.
  Time since last request: 461.067345 seconds.
  path: Assets/_Scripts/ProjectileComponent.cs
  artifactKey: Guid(cddf40f66c801604bb2ccc1d21bd1126) Importer(815301076,1909f56bfc062723c751e8b465ee728b)
Start importing Assets/_Scripts/ProjectileComponent.cs using Guid(cddf40f66c801604bb2ccc1d21bd1126) Importer(815301076,1909f56bfc062723c751e8b465ee728b)  -> (artifact id: 'a47aec9c461fe9609bbe690339f7e53d') in 0.006351 seconds
  Import took 0.008470 seconds .

========================================================================
Received Import Request.
  Time since last request: 805.019503 seconds.
  path: Assets/_Scripts/ProjectileComponent.cs
  artifactKey: Guid(cddf40f66c801604bb2ccc1d21bd1126) Importer(815301076,1909f56bfc062723c751e8b465ee728b)
Start importing Assets/_Scripts/ProjectileComponent.cs using Guid(cddf40f66c801604bb2ccc1d21bd1126) Importer(815301076,1909f56bfc062723c751e8b465ee728b)  -> (artifact id: '7cb4bef841d86421da27c3a0834f913c') in 0.023637 seconds
  Import took 0.139119 seconds .

========================================================================
Received Import Request.
  Time since last request: 2488.861905 seconds.
  path: Assets/_Scripts/ProjectileComponent.cs
  artifactKey: Guid(cddf40f66c801604bb2ccc1d21bd1126) Importer(815301076,1909f56bfc062723c751e8b465ee728b)
Start importing Assets/_Scripts/ProjectileComponent.cs using Guid(cddf40f66c801604bb2ccc1d21bd1126) Importer(815301076,1909f56bfc062723c751e8b465ee728b)  -> (artifact id: 'b092cc15ad4e766f773698c70e3a44c4') in 0.007380 seconds
  Import took 0.030758 seconds .

========================================================================
Received Import Request.
  Time since last request: 0.011689 seconds.
  path: Assets/_Scripts/ProjectileComponent.cs
  artifactKey: Guid(cddf40f66c801604bb2ccc1d21bd1126) Importer(815301076,1909f56bfc062723c751e8b465ee728b)
Start importing Assets/_Scripts/ProjectileComponent.cs using Guid(cddf40f66c801604bb2ccc1d21bd1126) Importer(815301076,1909f56bfc062723c751e8b465ee728b)  -> (artifact id: 'b092cc15ad4e766f773698c70e3a44c4') in 0.002410 seconds
  Import took 0.006292 seconds .

========================================================================
Received Import Request.
  Time since last request: 60.706382 seconds.
  path: Assets/_Scripts/ProjectileComponent.cs
  artifactKey: Guid(cddf40f66c801604bb2ccc1d21bd1126) Importer(815301076,1909f56bfc062723c751e8b465ee728b)
Start importing Assets/_Scripts/ProjectileComponent.cs using Guid(cddf40f66c801604bb2ccc1d21bd1126) Importer(815301076,1909f56bfc062723c751e8b465ee728b)  -> (artifact id: 'd0cab2ef2fc8b1247f9674d375af90ca') in 0.007602 seconds
  Import took 0.012494 seconds .

========================================================================
Received Import Request.
  Time since last request: 0.005790 seconds.
  path: Assets/_Scripts/ProjectileComponent.cs
  artifactKey: Guid(cddf40f66c801604bb2ccc1d21bd1126) Importer(815301076,1909f56bfc062723c751e8b465ee728b)
Start importing Assets/_Scripts/ProjectileComponent.cs using Guid(cddf40f66c801604bb2ccc1d21bd1126) Importer(815301076,1909f56bfc062723c751e8b465ee728b)  -> (artifact id: 'd0cab2ef2fc8b1247f9674d375af90ca') in 0.002619 seconds
  Import took 0.004806 seconds .

========================================================================
Received Import Request.
  Time since last request: 765.586797 seconds.
  path: Assets/_Scripts/ProjectileComponent.cs
  artifactKey: Guid(cddf40f66c801604bb2ccc1d21bd1126) Importer(815301076,1909f56bfc062723c751e8b465ee728b)
Start importing Assets/_Scripts/ProjectileComponent.cs using Guid(cddf40f66c801604bb2ccc1d21bd1126) Importer(815301076,1909f56bfc062723c751e8b465ee728b)  -> (artifact id: '7cf5bb01e953bb33b4324dcaf8eeeea0') in 0.003290 seconds
  Import took 0.005980 seconds .

========================================================================
Received Prepare
Registering precompiled user dll's ...
Registered in 0.001106 seconds.
Begin MonoManager ReloadAssembly
Native extension for WindowsStandalone target not found
Native extension for WebGL target not found
Refreshing native plugins compatible for Editor in 0.23 ms, found 0 plugins.
Preloading 0 native plugins for Editor in 0.00 ms.
Invoked RoslynAnalysisRunner static constructor.
RoslynAnalysisRunner will not be running.
RoslynAnalysisRunner has terminated.
Mono: successfully reloaded assembly
- Completed reload, in  0.766 seconds
Platform modules already initialized, skipping
Refreshing native plugins compatible for Editor in 0.18 ms, found 0 plugins.
Preloading 0 native plugins for Editor in 0.00 ms.
Unloading 1092 Unused Serialized files (Serialized files now loaded: 0)
System memory in use before: 58.1 MB.
System memory in use after: 58.1 MB.

Unloading 5 unused Assets to reduce memory usage. Loaded Objects now: 1556.
Total: 2.451900 ms (FindLiveObjects: 0.122200 ms CreateObjectMapping: 0.031800 ms MarkObjects: 2.073300 ms  DeleteObjects: 0.223500 ms)

========================================================================
Received Prepare
Registering precompiled user dll's ...
Registered in 0.000569 seconds.
Begin MonoManager ReloadAssembly
Native extension for WindowsStandalone target not found
Native extension for WebGL target not found
Refreshing native plugins compatible for Editor in 0.20 ms, found 0 plugins.
Preloading 0 native plugins for Editor in 0.00 ms.
Invoked RoslynAnalysisRunner static constructor.
RoslynAnalysisRunner will not be running.
RoslynAnalysisRunner has terminated.
Mono: successfully reloaded assembly
- Completed reload, in  0.654 seconds
Platform modules already initialized, skipping
Refreshing native plugins compatible for Editor in 0.19 ms, found 0 plugins.
Preloading 0 native plugins for Editor in 0.00 ms.
Unloading 1092 Unused Serialized files (Serialized files now loaded: 0)
System memory in use before: 58.3 MB.
System memory in use after: 58.4 MB.

Unloading 5 unused Assets to reduce memory usage. Loaded Objects now: 1558.
Total: 1.612300 ms (FindLiveObjects: 0.155400 ms CreateObjectMapping: 0.059600 ms MarkObjects: 1.317600 ms  DeleteObjects: 0.078700 ms)

========================================================================
Received Prepare
Registering precompiled user dll's ...
Registered in 0.000517 seconds.
Begin MonoManager ReloadAssembly
Native extension for WindowsStandalone target not found
Native extension for WebGL target not found
Refreshing native plugins compatible for Editor in 0.21 ms, found 0 plugins.
Preloading 0 native plugins for Editor in 0.00 ms.
Invoked RoslynAnalysisRunner static constructor.
RoslynAnalysisRunner will not be running.
RoslynAnalysisRunner has terminated.
Mono: successfully reloaded assembly
- Completed reload, in  0.640 seconds
Platform modules already initialized, skipping
Refreshing native plugins compatible for Editor in 0.19 ms, found 0 plugins.
Preloading 0 native plugins for Editor in 0.00 ms.
Unloading 1092 Unused Serialized files (Serialized files now loaded: 0)
System memory in use before: 58.6 MB.
System memory in use after: 58.7 MB.

Unloading 5 unused Assets to reduce memory usage. Loaded Objects now: 1560.
Total: 1.514300 ms (FindLiveObjects: 0.132400 ms CreateObjectMapping: 0.044500 ms MarkObjects: 1.295800 ms  DeleteObjects: 0.040500 ms)

========================================================================
Received Import Request.
  Time since last request: 4278.476533 seconds.
  path: Assets/_Scripts/ProjectileComponent.cs
  artifactKey: Guid(cddf40f66c801604bb2ccc1d21bd1126) Importer(815301076,1909f56bfc062723c751e8b465ee728b)
Start importing Assets/_Scripts/ProjectileComponent.cs using Guid(cddf40f66c801604bb2ccc1d21bd1126) Importer(815301076,1909f56bfc062723c751e8b465ee728b)  -> (artifact id: 'aa115bb2418efefa34e5278b3de73e5f') in 0.006246 seconds
  Import took 0.008537 seconds .

========================================================================
Received Import Request.
  Time since last request: 0.000343 seconds.
  path: Assets/_Scripts/ProjectileComponent.cs
  artifactKey: Guid(cddf40f66c801604bb2ccc1d21bd1126) Importer(815301076,1909f56bfc062723c751e8b465ee728b)
Start importing Assets/_Scripts/ProjectileComponent.cs using Guid(cddf40f66c801604bb2ccc1d21bd1126) Importer(815301076,1909f56bfc062723c751e8b465ee728b)  -> (artifact id: 'aa115bb2418efefa34e5278b3de73e5f') in 0.002015 seconds
  Import took 0.004013 seconds .

========================================================================
Received Prepare
Registering precompiled user dll's ...
Registered in 0.000599 seconds.
Begin MonoManager ReloadAssembly
Native extension for WindowsStandalone target not found
Native extension for WebGL target not found
Refreshing native plugins compatible for Editor in 0.19 ms, found 0 plugins.
Preloading 0 native plugins for Editor in 0.00 ms.
Invoked RoslynAnalysisRunner static constructor.
RoslynAnalysisRunner will not be running.
RoslynAnalysisRunner has terminated.
Mono: successfully reloaded assembly
- Completed reload, in  0.647 seconds
Platform modules already initialized, skipping
Refreshing native plugins compatible for Editor in 0.19 ms, found 0 plugins.
Preloading 0 native plugins for Editor in 0.00 ms.
Unloading 1092 Unused Serialized files (Serialized files now loaded: 0)
System memory in use before: 58.9 MB.
System memory in use after: 59.0 MB.

Unloading 5 unused Assets to reduce memory usage. Loaded Objects now: 1562.
Total: 1.310000 ms (FindLiveObjects: 0.134800 ms CreateObjectMapping: 0.040600 ms MarkObjects: 1.094400 ms  DeleteObjects: 0.039200 ms)

========================================================================
Received Prepare
Registering precompiled user dll's ...
Registered in 0.000561 seconds.
Begin MonoManager ReloadAssembly
Native extension for WindowsStandalone target not found
Native extension for WebGL target not found
Refreshing native plugins compatible for Editor in 0.25 ms, found 0 plugins.
Preloading 0 native plugins for Editor in 0.00 ms.
Invoked RoslynAnalysisRunner static constructor.
RoslynAnalysisRunner will not be running.
RoslynAnalysisRunner has terminated.
Mono: successfully reloaded assembly
- Completed reload, in  0.698 seconds
Platform modules already initialized, skipping
Refreshing native plugins compatible for Editor in 0.42 ms, found 0 plugins.
Preloading 0 native plugins for Editor in 0.00 ms.
Unloading 1092 Unused Serialized files (Serialized files now loaded: 0)
System memory in use before: 59.1 MB.
System memory in use after: 59.2 MB.

Unloading 5 unused Assets to reduce memory usage. Loaded Objects now: 1564.
Total: 1.561100 ms (FindLiveObjects: 0.145900 ms CreateObjectMapping: 0.040300 ms MarkObjects: 1.338100 ms  DeleteObjects: 0.036200 ms)

========================================================================
Received Prepare
Registering precompiled user dll's ...
Registered in 0.000979 seconds.
Begin MonoManager ReloadAssembly
Native extension for WindowsStandalone target not found
Native extension for WebGL target not found
Refreshing native plugins compatible for Editor in 0.59 ms, found 0 plugins.
Preloading 0 native plugins for Editor in 0.00 ms.
Invoked RoslynAnalysisRunner static constructor.
RoslynAnalysisRunner will not be running.
RoslynAnalysisRunner has terminated.
Mono: successfully reloaded assembly
- Completed reload, in  0.723 seconds
Platform modules already initialized, skipping
Refreshing native plugins compatible for Editor in 0.22 ms, found 0 plugins.
Preloading 0 native plugins for Editor in 0.00 ms.
Unloading 1092 Unused Serialized files (Serialized files now loaded: 0)
System memory in use before: 59.3 MB.
System memory in use after: 59.4 MB.

Unloading 5 unused Assets to reduce memory usage. Loaded Objects now: 1566.
Total: 1.324000 ms (FindLiveObjects: 0.127400 ms CreateObjectMapping: 0.033800 ms MarkObjects: 1.124700 ms  DeleteObjects: 0.037100 ms)

========================================================================
Received Prepare
Registering precompiled user dll's ...
Registered in 0.000814 seconds.
Begin MonoManager ReloadAssembly
Native extension for WindowsStandalone target not found
Native extension for WebGL target not found
Refreshing native plugins compatible for Editor in 0.22 ms, found 0 plugins.
Preloading 0 native plugins for Editor in 0.00 ms.
Invoked RoslynAnalysisRunner static constructor.
RoslynAnalysisRunner will not be running.
RoslynAnalysisRunner has terminated.
Mono: successfully reloaded assembly
- Completed reload, in  0.642 seconds
Platform modules already initialized, skipping
Refreshing native plugins compatible for Editor in 0.18 ms, found 0 plugins.
Preloading 0 native plugins for Editor in 0.00 ms.
Unloading 1092 Unused Serialized files (Serialized files now loaded: 0)
System memory in use before: 58.7 MB.
System memory in use after: 58.8 MB.

Unloading 5 unused Assets to reduce memory usage. Loaded Objects now: 1568.
Total: 1.577000 ms (FindLiveObjects: 0.202800 ms CreateObjectMapping: 0.046300 ms MarkObjects: 1.288500 ms  DeleteObjects: 0.037800 ms)

========================================================================
Received Prepare
Registering precompiled user dll's ...
Registered in 0.000557 seconds.
Begin MonoManager ReloadAssembly
Native extension for WindowsStandalone target not found
Native extension for WebGL target not found
Refreshing native plugins compatible for Editor in 0.23 ms, found 0 plugins.
Preloading 0 native plugins for Editor in 0.00 ms.
Invoked RoslynAnalysisRunner static constructor.
RoslynAnalysisRunner will not be running.
RoslynAnalysisRunner has terminated.
Mono: successfully reloaded assembly
- Completed reload, in  0.648 seconds
Platform modules already initialized, skipping
Refreshing native plugins compatible for Editor in 0.22 ms, found 0 plugins.
Preloading 0 native plugins for Editor in 0.00 ms.
Unloading 1092 Unused Serialized files (Serialized files now loaded: 0)
System memory in use before: 58.9 MB.
System memory in use after: 59.0 MB.

Unloading 5 unused Assets to reduce memory usage. Loaded Objects now: 1570.
Total: 1.243200 ms (FindLiveObjects: 0.122300 ms CreateObjectMapping: 0.030800 ms MarkObjects: 1.051000 ms  DeleteObjects: 0.038500 ms)

========================================================================
Received Prepare
Registering precompiled user dll's ...
Registered in 0.000524 seconds.
Begin MonoManager ReloadAssembly
Native extension for WindowsStandalone target not found
Native extension for WebGL target not found
Refreshing native plugins compatible for Editor in 0.20 ms, found 0 plugins.
Preloading 0 native plugins for Editor in 0.00 ms.
Invoked RoslynAnalysisRunner static constructor.
RoslynAnalysisRunner will not be running.
RoslynAnalysisRunner has terminated.
Mono: successfully reloaded assembly
- Completed reload, in  0.628 seconds
Platform modules already initialized, skipping
Refreshing native plugins compatible for Editor in 0.21 ms, found 0 plugins.
Preloading 0 native plugins for Editor in 0.00 ms.
Unloading 1092 Unused Serialized files (Serialized files now loaded: 0)
System memory in use before: 59.2 MB.
System memory in use after: 59.3 MB.

Unloading 5 unused Assets to reduce memory usage. Loaded Objects now: 1572.
Total: 1.993500 ms (FindLiveObjects: 0.198700 ms CreateObjectMapping: 0.056400 ms MarkObjects: 1.639400 ms  DeleteObjects: 0.096900 ms)

========================================================================
Received Prepare
Registering precompiled user dll's ...
Registered in 0.000688 seconds.
Begin MonoManager ReloadAssembly
Native extension for WindowsStandalone target not found
Native extension for WebGL target not found
Refreshing native plugins compatible for Editor in 0.19 ms, found 0 plugins.
Preloading 0 native plugins for Editor in 0.00 ms.
Invoked RoslynAnalysisRunner static constructor.
RoslynAnalysisRunner will not be running.
RoslynAnalysisRunner has terminated.
Mono: successfully reloaded assembly
- Completed reload, in  0.626 seconds
Platform modules already initialized, skipping
Refreshing native plugins compatible for Editor in 0.18 ms, found 0 plugins.
Preloading 0 native plugins for Editor in 0.00 ms.
Unloading 1092 Unused Serialized files (Serialized files now loaded: 0)
System memory in use before: 59.3 MB.
System memory in use after: 59.4 MB.

Unloading 5 unused Assets to reduce memory usage. Loaded Objects now: 1574.
Total: 1.374800 ms (FindLiveObjects: 0.168300 ms CreateObjectMapping: 0.037700 ms MarkObjects: 1.126900 ms  DeleteObjects: 0.040700 ms)

========================================================================
Received Prepare
Registering precompiled user dll's ...
Registered in 0.000579 seconds.
Begin MonoManager ReloadAssembly
Native extension for WindowsStandalone target not found
Native extension for WebGL target not found
Refreshing native plugins compatible for Editor in 0.19 ms, found 0 plugins.
Preloading 0 native plugins for Editor in 0.00 ms.
Invoked RoslynAnalysisRunner static constructor.
RoslynAnalysisRunner will not be running.
RoslynAnalysisRunner has terminated.
Mono: successfully reloaded assembly
- Completed reload, in  0.623 seconds
Platform modules already initialized, skipping
Refreshing native plugins compatible for Editor in 0.19 ms, found 0 plugins.
Preloading 0 native plugins for Editor in 0.00 ms.
Unloading 1092 Unused Serialized files (Serialized files now loaded: 0)
System memory in use before: 58.7 MB.
System memory in use after: 58.8 MB.

Unloading 5 unused Assets to reduce memory usage. Loaded Objects now: 1576.
Total: 1.330500 ms (FindLiveObjects: 0.160600 ms CreateObjectMapping: 0.037200 ms MarkObjects: 1.096600 ms  DeleteObjects: 0.035400 ms)

========================================================================
Received Prepare
Registering precompiled user dll's ...
Registered in 0.000935 seconds.
Begin MonoManager ReloadAssembly
Native extension for WindowsStandalone target not found
Native extension for WebGL target not found
Refreshing native plugins compatible for Editor in 0.34 ms, found 0 plugins.
Preloading 0 native plugins for Editor in 0.00 ms.
Invoked RoslynAnalysisRunner static constructor.
RoslynAnalysisRunner will not be running.
RoslynAnalysisRunner has terminated.
Mono: successfully reloaded assembly
- Completed reload, in  0.660 seconds
Platform modules already initialized, skipping
Refreshing native plugins compatible for Editor in 0.19 ms, found 0 plugins.
Preloading 0 native plugins for Editor in 0.00 ms.
Unloading 1092 Unused Serialized files (Serialized files now loaded: 0)
System memory in use before: 59.0 MB.
System memory in use after: 59.1 MB.

Unloading 5 unused Assets to reduce memory usage. Loaded Objects now: 1578.
Total: 2.380300 ms (FindLiveObjects: 0.311900 ms CreateObjectMapping: 0.133400 ms MarkObjects: 1.870800 ms  DeleteObjects: 0.062200 ms)

========================================================================
Received Prepare
Registering precompiled user dll's ...
Registered in 0.000575 seconds.
Begin MonoManager ReloadAssembly
Native extension for WindowsStandalone target not found
Native extension for WebGL target not found
Refreshing native plugins compatible for Editor in 0.37 ms, found 0 plugins.
Preloading 0 native plugins for Editor in 0.00 ms.
Invoked RoslynAnalysisRunner static constructor.
RoslynAnalysisRunner will not be running.
RoslynAnalysisRunner has terminated.
Mono: successfully reloaded assembly
- Completed reload, in  0.707 seconds
Platform modules already initialized, skipping
Refreshing native plugins compatible for Editor in 0.20 ms, found 0 plugins.
Preloading 0 native plugins for Editor in 0.00 ms.
Unloading 1092 Unused Serialized files (Serialized files now loaded: 0)
System memory in use before: 59.3 MB.
System memory in use after: 59.3 MB.

Unloading 5 unused Assets to reduce memory usage. Loaded Objects now: 1580.
Total: 1.852400 ms (FindLiveObjects: 0.256100 ms CreateObjectMapping: 0.060700 ms MarkObjects: 1.473900 ms  DeleteObjects: 0.060200 ms)

========================================================================
Received Prepare
Registering precompiled user dll's ...
Registered in 0.000658 seconds.
Begin MonoManager ReloadAssembly
Native extension for WindowsStandalone target not found
Native extension for WebGL target not found
Refreshing native plugins compatible for Editor in 1.66 ms, found 0 plugins.
Preloading 0 native plugins for Editor in 0.00 ms.
Invoked RoslynAnalysisRunner static constructor.
RoslynAnalysisRunner will not be running.
RoslynAnalysisRunner has terminated.
Mono: successfully reloaded assembly
- Completed reload, in  0.688 seconds
Platform modules already initialized, skipping
Refreshing native plugins compatible for Editor in 0.28 ms, found 0 plugins.
Preloading 0 native plugins for Editor in 0.00 ms.
Unloading 1092 Unused Serialized files (Serialized files now loaded: 0)
System memory in use before: 59.3 MB.
System memory in use after: 59.4 MB.

Unloading 5 unused Assets to reduce memory usage. Loaded Objects now: 1582.
Total: 1.474100 ms (FindLiveObjects: 0.199400 ms CreateObjectMapping: 0.075800 ms MarkObjects: 1.158700 ms  DeleteObjects: 0.039400 ms)

========================================================================
Received Prepare
Registering precompiled user dll's ...
Registered in 0.001061 seconds.
Begin MonoManager ReloadAssembly
Native extension for WindowsStandalone target not found
Native extension for WebGL target not found
Refreshing native plugins compatible for Editor in 0.20 ms, found 0 plugins.
Preloading 0 native plugins for Editor in 0.00 ms.
Invoked RoslynAnalysisRunner static constructor.
RoslynAnalysisRunner will not be running.
RoslynAnalysisRunner has terminated.
Mono: successfully reloaded assembly
- Completed reload, in  0.621 seconds
Platform modules already initialized, skipping
Refreshing native plugins compatible for Editor in 0.35 ms, found 0 plugins.
Preloading 0 native plugins for Editor in 0.00 ms.
Unloading 1092 Unused Serialized files (Serialized files now loaded: 0)
System memory in use before: 58.8 MB.
System memory in use after: 58.9 MB.

Unloading 5 unused Assets to reduce memory usage. Loaded Objects now: 1584.
Total: 1.413400 ms (FindLiveObjects: 0.162700 ms CreateObjectMapping: 0.063700 ms MarkObjects: 1.146900 ms  DeleteObjects: 0.039000 ms)

========================================================================
Received Import Request.
  Time since last request: 1374.478970 seconds.
  path: Assets/_Scripts/InfoUI.cs
  artifactKey: Guid(23e4eea5b3e5ddb468baa2ddec8489d6) Importer(815301076,1909f56bfc062723c751e8b465ee728b)
Start importing Assets/_Scripts/InfoUI.cs using Guid(23e4eea5b3e5ddb468baa2ddec8489d6) Importer(815301076,1909f56bfc062723c751e8b465ee728b)  -> (artifact id: 'a47acc9a15312d5ece5c04fb56a74de2') in 0.014294 seconds
  Import took 0.017930 seconds .

========================================================================
Received Import Request.
  Time since last request: 0.078771 seconds.
  path: Assets/_Scripts/InfoUI.cs
  artifactKey: Guid(23e4eea5b3e5ddb468baa2ddec8489d6) Importer(815301076,1909f56bfc062723c751e8b465ee728b)
Start importing Assets/_Scripts/InfoUI.cs using Guid(23e4eea5b3e5ddb468baa2ddec8489d6) Importer(815301076,1909f56bfc062723c751e8b465ee728b)  -> (artifact id: 'a47acc9a15312d5ece5c04fb56a74de2') in 0.006463 seconds
  Import took 0.010572 seconds .

========================================================================
Received Prepare
Registering precompiled user dll's ...
Registered in 0.000567 seconds.
Begin MonoManager ReloadAssembly
Native extension for WindowsStandalone target not found
Native extension for WebGL target not found
Refreshing native plugins compatible for Editor in 0.19 ms, found 0 plugins.
Preloading 0 native plugins for Editor in 0.00 ms.
Invoked RoslynAnalysisRunner static constructor.
RoslynAnalysisRunner will not be running.
RoslynAnalysisRunner has terminated.
Mono: successfully reloaded assembly
- Completed reload, in  0.733 seconds
Platform modules already initialized, skipping
Refreshing native plugins compatible for Editor in 0.46 ms, found 0 plugins.
Preloading 0 native plugins for Editor in 0.00 ms.
Unloading 1093 Unused Serialized files (Serialized files now loaded: 0)
System memory in use before: 59.1 MB.
System memory in use after: 59.2 MB.

Unloading 5 unused Assets to reduce memory usage. Loaded Objects now: 1587.
Total: 1.882700 ms (FindLiveObjects: 0.264900 ms CreateObjectMapping: 0.060100 ms MarkObjects: 1.508300 ms  DeleteObjects: 0.047600 ms)

========================================================================
Received Import Request.
  Time since last request: 8.749433 seconds.
  path: Assets/_Scripts/BallBehaviour.cs
  artifactKey: Guid(c8f63b3877276924fa74b24abb0a1b77) Importer(815301076,1909f56bfc062723c751e8b465ee728b)
Start importing Assets/_Scripts/BallBehaviour.cs using Guid(c8f63b3877276924fa74b24abb0a1b77) Importer(815301076,1909f56bfc062723c751e8b465ee728b)  -> (artifact id: 'cc99fe892c49bdf6c094d30f9dc2e9e4') in 0.008202 seconds
  Import took 0.010917 seconds .

========================================================================
Received Import Request.
  Time since last request: 0.018442 seconds.
  path: Assets/_Scripts/BallBehaviour.cs
  artifactKey: Guid(c8f63b3877276924fa74b24abb0a1b77) Importer(815301076,1909f56bfc062723c751e8b465ee728b)
Start importing Assets/_Scripts/BallBehaviour.cs using Guid(c8f63b3877276924fa74b24abb0a1b77) Importer(815301076,1909f56bfc062723c751e8b465ee728b)  -> (artifact id: 'cc99fe892c49bdf6c094d30f9dc2e9e4') in 0.002227 seconds
  Import took 0.004243 seconds .

========================================================================
Received Import Request.
  Time since last request: 2.043270 seconds.
  path: Assets/_Scripts/ProjectileComponent.cs
  artifactKey: Guid(cddf40f66c801604bb2ccc1d21bd1126) Importer(815301076,1909f56bfc062723c751e8b465ee728b)
Start importing Assets/_Scripts/ProjectileComponent.cs using Guid(cddf40f66c801604bb2ccc1d21bd1126) Importer(815301076,1909f56bfc062723c751e8b465ee728b)  -> (artifact id: '6920f26e7ea730bccf3874c375dbed16') in 0.002266 seconds
  Import took 0.004834 seconds .

========================================================================
Received Import Request.
  Time since last request: 0.008663 seconds.
  path: Assets/_Scripts/ProjectileComponent.cs
  artifactKey: Guid(cddf40f66c801604bb2ccc1d21bd1126) Importer(815301076,1909f56bfc062723c751e8b465ee728b)
Start importing Assets/_Scripts/ProjectileComponent.cs using Guid(cddf40f66c801604bb2ccc1d21bd1126) Importer(815301076,1909f56bfc062723c751e8b465ee728b)  -> (artifact id: '6920f26e7ea730bccf3874c375dbed16') in 0.002428 seconds
  Import took 0.004348 seconds .

========================================================================
Received Import Request.
  Time since last request: 1249.203696 seconds.
  path: Assets/_Scripts/ProjectileComponent.cs
  artifactKey: Guid(cddf40f66c801604bb2ccc1d21bd1126) Importer(815301076,1909f56bfc062723c751e8b465ee728b)
Start importing Assets/_Scripts/ProjectileComponent.cs using Guid(cddf40f66c801604bb2ccc1d21bd1126) Importer(815301076,1909f56bfc062723c751e8b465ee728b)  -> (artifact id: 'ccaddb56d3055787f70e7ad36b1e6913') in 0.009794 seconds
  Import took 0.038643 seconds .

========================================================================
Received Import Request.
  Time since last request: 0.000929 seconds.
  path: Assets/_Scripts/ProjectileComponent.cs
  artifactKey: Guid(cddf40f66c801604bb2ccc1d21bd1126) Importer(815301076,1909f56bfc062723c751e8b465ee728b)
Start importing Assets/_Scripts/ProjectileComponent.cs using Guid(cddf40f66c801604bb2ccc1d21bd1126) Importer(815301076,1909f56bfc062723c751e8b465ee728b)  -> (artifact id: 'ccaddb56d3055787f70e7ad36b1e6913') in 0.003005 seconds
  Import took 0.006137 seconds .

========================================================================
Received Prepare
Registering precompiled user dll's ...
Registered in 0.000637 seconds.
Begin MonoManager ReloadAssembly
Native extension for WindowsStandalone target not found
Native extension for WebGL target not found
Refreshing native plugins compatible for Editor in 0.20 ms, found 0 plugins.
Preloading 0 native plugins for Editor in 0.00 ms.
Invoked RoslynAnalysisRunner static constructor.
RoslynAnalysisRunner will not be running.
RoslynAnalysisRunner has terminated.
Mono: successfully reloaded assembly
- Completed reload, in  0.690 seconds
Platform modules already initialized, skipping
Refreshing native plugins compatible for Editor in 0.18 ms, found 0 plugins.
Preloading 0 native plugins for Editor in 0.00 ms.
Unloading 1093 Unused Serialized files (Serialized files now loaded: 0)
System memory in use before: 59.4 MB.
System memory in use after: 59.4 MB.

Unloading 5 unused Assets to reduce memory usage. Loaded Objects now: 1589.
Total: 1.673700 ms (FindLiveObjects: 0.134300 ms CreateObjectMapping: 0.033800 ms MarkObjects: 1.468900 ms  DeleteObjects: 0.036100 ms)

========================================================================
Received Import Request.
  Time since last request: 811.517399 seconds.
  path: Assets/_Scripts/InfoUI.cs
  artifactKey: Guid(23e4eea5b3e5ddb468baa2ddec8489d6) Importer(815301076,1909f56bfc062723c751e8b465ee728b)
Start importing Assets/_Scripts/InfoUI.cs using Guid(23e4eea5b3e5ddb468baa2ddec8489d6) Importer(815301076,1909f56bfc062723c751e8b465ee728b)  -> (artifact id: 'd5d0bbbcdd645174c02bf88edea3fefe') in 0.006536 seconds
  Import took 0.009022 seconds .

========================================================================
Received Import Request.
  Time since last request: 0.020771 seconds.
  path: Assets/_Scripts/InfoUI.cs
  artifactKey: Guid(23e4eea5b3e5ddb468baa2ddec8489d6) Importer(815301076,1909f56bfc062723c751e8b465ee728b)
Start importing Assets/_Scripts/InfoUI.cs using Guid(23e4eea5b3e5ddb468baa2ddec8489d6) Importer(815301076,1909f56bfc062723c751e8b465ee728b)  -> (artifact id: 'd5d0bbbcdd645174c02bf88edea3fefe') in 0.002381 seconds
  Import took 0.004370 seconds .

========================================================================
Received Import Request.
  Time since last request: 1.352541 seconds.
  path: Assets/_Scripts/BallBehaviour.cs
  artifactKey: Guid(c8f63b3877276924fa74b24abb0a1b77) Importer(815301076,1909f56bfc062723c751e8b465ee728b)
Start importing Assets/_Scripts/BallBehaviour.cs using Guid(c8f63b3877276924fa74b24abb0a1b77) Importer(815301076,1909f56bfc062723c751e8b465ee728b)  -> (artifact id: 'd43058873425419bb88e304efc3ab756') in 0.002164 seconds
  Import took 0.010781 seconds .

========================================================================
Received Import Request.
  Time since last request: 0.000915 seconds.
  path: Assets/_Scripts/BallBehaviour.cs
  artifactKey: Guid(c8f63b3877276924fa74b24abb0a1b77) Importer(815301076,1909f56bfc062723c751e8b465ee728b)
Start importing Assets/_Scripts/BallBehaviour.cs using Guid(c8f63b3877276924fa74b24abb0a1b77) Importer(815301076,1909f56bfc062723c751e8b465ee728b)  -> (artifact id: 'd43058873425419bb88e304efc3ab756') in 0.002530 seconds
  Import took 0.004675 seconds .

========================================================================
Received Import Request.
  Time since last request: 0.606057 seconds.
  path: Assets/_Scripts/ProjectileComponent.cs
  artifactKey: Guid(cddf40f66c801604bb2ccc1d21bd1126) Importer(815301076,1909f56bfc062723c751e8b465ee728b)
Start importing Assets/_Scripts/ProjectileComponent.cs using Guid(cddf40f66c801604bb2ccc1d21bd1126) Importer(815301076,1909f56bfc062723c751e8b465ee728b)  -> (artifact id: '0d95a5dd3f2dba1633c165ae05d8e50e') in 0.002231 seconds
  Import took 0.004422 seconds .

AssetImportWorkerClient::OnTransportError - code=2 error=End of file
